<?xml version="1.0" encoding="UTF-8"?>
<testng-results ignored="0" total="1" passed="1" failed="0" skipped="0">
  <reporter-output>
  </reporter-output>
  <suite started-at="2021-01-06T08:54:26Z" name="Suite" finished-at="2021-01-06T08:54:37Z" duration-ms="11598">
    <groups>
    </groups>
    <test started-at="2021-01-06T08:54:26Z" name="Test" finished-at="2021-01-06T08:54:37Z" duration-ms="11598">
      <class name="com.scripts.facebook.FacebookFrameworkTest">
        <test-method is-config="true" signature="openBrowser()[pri:0, instance:com.scripts.facebook.FacebookFrameworkTest@233fe9b6]" started-at="2021-01-06T08:54:26Z" name="openBrowser" finished-at="2021-01-06T08:54:33Z" duration-ms="7383" status="PASS">
          <reporter-output>
          </reporter-output>
        </test-method> <!-- openBrowser -->
        <test-method signature="submitMethod()[pri:0, instance:com.scripts.facebook.FacebookFrameworkTest@233fe9b6]" started-at="2021-01-06T08:54:33Z" name="submitMethod" finished-at="2021-01-06T08:54:37Z" duration-ms="4194" status="PASS">
          <reporter-output>
          </reporter-output>
        </test-method> <!-- submitMethod -->
        <test-method is-config="true" signature="closeBrowser()[pri:0, instance:com.scripts.facebook.FacebookFrameworkTest@233fe9b6]" started-at="2021-01-06T08:54:37Z" name="closeBrowser" finished-at="2021-01-06T08:54:37Z" duration-ms="0" status="PASS">
          <reporter-output>
          </reporter-output>
        </test-method> <!-- closeBrowser -->
      </class> <!-- com.scripts.facebook.FacebookFrameworkTest -->
    </test> <!-- Test -->
  </suite> <!-- Suite -->
</testng-results>
